<?xml version="1.0" encoding="UTF-8"?>
<testsuites name="jest tests" tests="1" failures="0" errors="0" time="2.87">
  <testsuite name="jupyterlab-new-launcher" errors="0" failures="0" skipped="0" timestamp="2024-06-14T17:02:36" time="2.533" tests="1">
    <testcase classname="jupyterlab-new-launcher should be tested" name="jupyterlab-new-launcher should be tested" time="0.002">
    </testcase>
  </testsuite>
</testsuites>